
*** Running vivado
    with args -log vga.vds -m64 -product Vivado -mode batch -messageDb vivado.pb -notrace -source vga.tcl


ECHO is off.
ECHO is off.

****** Vivado v2023.2 (64-bit)
  **** SW Build 4029153 on Fri Oct 13 20:14:34 MDT 2023
  **** IP Build 4028589 on Sat Oct 14 00:45:43 MDT 2023
  **** SharedData Build 4025554 on Tue Oct 10 17:18:54 MDT 2023
    ** Copyright 1986-2022 Xilinx, Inc. All Rights Reserved.
    ** Copyright 2022-2023 Advanced Micro Devices, Inc. All Rights Reserved.

source vga.tcl -notrace
create_project: Time (s): cpu = 00:00:05 ; elapsed = 00:00:06 . Memory (MB): peak = 484.750 ; gain = 178.672
Command: read_checkpoint -auto_incremental -incremental C:/Users/Bardi/Desktop/VHDL_TETRIS/project_1/project_1.srcs/utils_1/imports/synth_2/vga.dcp
INFO: [Vivado 12-5825] Read reference checkpoint from C:/Users/Bardi/Desktop/VHDL_TETRIS/project_1/project_1.srcs/utils_1/imports/synth_2/vga.dcp for incremental synthesis
INFO: [Vivado 12-7989] Please ensure there are no constraint changes
Command: synth_design -top vga -part xc7a35tcpg236-1
Starting synth_design
Attempting to get a license for feature 'Synthesis' and/or device 'xc7a35t'
INFO: [Common 17-349] Got license for feature 'Synthesis' and/or device 'xc7a35t'
INFO: [Device 21-403] Loading part xc7a35tcpg236-1
INFO: [Designutils 20-5440] No compile time benefit to using incremental synthesis; A full resynthesis will be run
INFO: [Designutils 20-4379] Flow is switching to default flow due to incremental criteria not met. If you would like to alter this behaviour and have the flow terminate instead, please set the following parameter config_implementation {autoIncr.Synth.RejectBehavior Terminate}
INFO: [Synth 8-7079] Multithreading enabled for synth_design using a maximum of 2 processes.
INFO: [Synth 8-7078] Launching helper process for spawning children vivado processes
INFO: [Synth 8-7075] Helper process launched with PID 16760
---------------------------------------------------------------------------------
Starting RTL Elaboration : Time (s): cpu = 00:00:04 ; elapsed = 00:00:05 . Memory (MB): peak = 1319.855 ; gain = 439.426
---------------------------------------------------------------------------------
INFO: [Synth 8-638] synthesizing module 'vga' [C:/Users/Bardi/Desktop/VHDL_TETRIS/project_1/project_1.srcs/sources_1/new/MAIN.vhd:38]
INFO: [Synth 8-3491] module 'clkdiv' declared at 'C:/Users/Bardi/Desktop/VHDL_TETRIS/project_1/project_1.srcs/sources_1/new/clkdiv.vhd:34' bound to instance 'a' of component 'clkdiv' [C:/Users/Bardi/Desktop/VHDL_TETRIS/project_1/project_1.srcs/sources_1/new/MAIN.vhd:62]
INFO: [Synth 8-638] synthesizing module 'clkdiv' [C:/Users/Bardi/Desktop/VHDL_TETRIS/project_1/project_1.srcs/sources_1/new/clkdiv.vhd:39]
INFO: [Synth 8-256] done synthesizing module 'clkdiv' (0#1) [C:/Users/Bardi/Desktop/VHDL_TETRIS/project_1/project_1.srcs/sources_1/new/clkdiv.vhd:39]
INFO: [Synth 8-256] done synthesizing module 'vga' (0#1) [C:/Users/Bardi/Desktop/VHDL_TETRIS/project_1/project_1.srcs/sources_1/new/MAIN.vhd:38]
WARNING: [Synth 8-6014] Unused sequential element vgaRed_reg was removed.  [C:/Users/Bardi/Desktop/VHDL_TETRIS/project_1/project_1.srcs/sources_1/new/MAIN.vhd:153]
WARNING: [Synth 8-6014] Unused sequential element vgaBlue_reg was removed.  [C:/Users/Bardi/Desktop/VHDL_TETRIS/project_1/project_1.srcs/sources_1/new/MAIN.vhd:154]
WARNING: [Synth 8-6014] Unused sequential element vgaGreen_reg was removed.  [C:/Users/Bardi/Desktop/VHDL_TETRIS/project_1/project_1.srcs/sources_1/new/MAIN.vhd:155]
WARNING: [Synth 8-7129] Port sw[2] in module vga is either unconnected or has no load
WARNING: [Synth 8-7129] Port sw[1] in module vga is either unconnected or has no load
WARNING: [Synth 8-7129] Port sw[0] in module vga is either unconnected or has no load
---------------------------------------------------------------------------------
Finished RTL Elaboration : Time (s): cpu = 00:00:06 ; elapsed = 00:00:06 . Memory (MB): peak = 1431.918 ; gain = 551.488
---------------------------------------------------------------------------------
---------------------------------------------------------------------------------
Start Handling Custom Attributes
---------------------------------------------------------------------------------
---------------------------------------------------------------------------------
Finished Handling Custom Attributes : Time (s): cpu = 00:00:06 ; elapsed = 00:00:06 . Memory (MB): peak = 1431.918 ; gain = 551.488
---------------------------------------------------------------------------------
---------------------------------------------------------------------------------
Finished RTL Optimization Phase 1 : Time (s): cpu = 00:00:06 ; elapsed = 00:00:06 . Memory (MB): peak = 1431.918 ; gain = 551.488
---------------------------------------------------------------------------------
Netlist sorting complete. Time (s): cpu = 00:00:00 ; elapsed = 00:00:00.004 . Memory (MB): peak = 1431.918 ; gain = 0.000
INFO: [Project 1-570] Preparing netlist for logic optimization

Processing XDC Constraints
Initializing timing engine
Parsing XDC File [C:/Users/Bardi/Desktop/VHDL_TETRIS/project_1/project_1.srcs/constrs_1/Basys-3-Master.xdc]
Finished Parsing XDC File [C:/Users/Bardi/Desktop/VHDL_TETRIS/project_1/project_1.srcs/constrs_1/Basys-3-Master.xdc]
INFO: [Project 1-236] Implementation specific constraints were found while reading constraint file [C:/Users/Bardi/Desktop/VHDL_TETRIS/project_1/project_1.srcs/constrs_1/Basys-3-Master.xdc]. These constraints will be ignored for synthesis but will be used in implementation. Impacted constraints are listed in the file [.Xil/vga_propImpl.xdc].
Resolution: To avoid this warning, move constraints listed in [.Xil/vga_propImpl.xdc] to another XDC file and exclude this new file from synthesis with the used_in_synthesis property (File Properties dialog in GUI) and re-run elaboration/synthesis.
Completed Processing XDC Constraints

Netlist sorting complete. Time (s): cpu = 00:00:00 ; elapsed = 00:00:00 . Memory (MB): peak = 1529.648 ; gain = 0.000
INFO: [Project 1-111] Unisim Transformation Summary:
No Unisim elements were transformed.

The system cannot find the path specified.
Constraint Validation Runtime : Time (s): cpu = 00:00:00 ; elapsed = 00:00:00.003 . Memory (MB): peak = 1529.648 ; gain = 0.000
INFO: [Designutils 20-5440] No compile time benefit to using incremental synthesis; A full resynthesis will be run
INFO: [Designutils 20-4379] Flow is switching to default flow due to incremental criteria not met. If you would like to alter this behaviour and have the flow terminate instead, please set the following parameter config_implementation {autoIncr.Synth.RejectBehavior Terminate}
---------------------------------------------------------------------------------
Finished Constraint Validation : Time (s): cpu = 00:00:13 ; elapsed = 00:00:13 . Memory (MB): peak = 1529.648 ; gain = 649.219
---------------------------------------------------------------------------------
---------------------------------------------------------------------------------
Start Loading Part and Timing Information
---------------------------------------------------------------------------------
Loading part: xc7a35tcpg236-1
---------------------------------------------------------------------------------
Finished Loading Part and Timing Information : Time (s): cpu = 00:00:13 ; elapsed = 00:00:13 . Memory (MB): peak = 1529.648 ; gain = 649.219
---------------------------------------------------------------------------------
---------------------------------------------------------------------------------
Start Applying 'set_property' XDC Constraints
---------------------------------------------------------------------------------
---------------------------------------------------------------------------------
Finished applying 'set_property' XDC Constraints : Time (s): cpu = 00:00:13 ; elapsed = 00:00:13 . Memory (MB): peak = 1529.648 ; gain = 649.219
---------------------------------------------------------------------------------
---------------------------------------------------------------------------------
Finished RTL Optimization Phase 2 : Time (s): cpu = 00:00:13 ; elapsed = 00:00:14 . Memory (MB): peak = 1529.648 ; gain = 649.219
---------------------------------------------------------------------------------
---------------------------------------------------------------------------------
Start RTL Component Statistics 
---------------------------------------------------------------------------------
Detailed RTL Component Info : 
+---Adders : 
	   2 Input   11 Bit       Adders := 2     
+---Registers : 
	               11 Bit    Registers := 2     
	                4 Bit    Registers := 2     
	                1 Bit    Registers := 5     
+---Muxes : 
	   2 Input   11 Bit        Muxes := 2     
	  63 Input    4 Bit        Muxes := 1     
	   2 Input    1 Bit        Muxes := 3     
---------------------------------------------------------------------------------
Finished RTL Component Statistics 
---------------------------------------------------------------------------------
---------------------------------------------------------------------------------
Start Part Resource Summary
---------------------------------------------------------------------------------
Part Resources:
DSPs: 90 (col length:60)
BRAMs: 100 (col length: RAMB18 60 RAMB36 30)
---------------------------------------------------------------------------------
Finished Part Resource Summary
---------------------------------------------------------------------------------
---------------------------------------------------------------------------------
Start Cross Boundary and Area Optimization
---------------------------------------------------------------------------------
WARNING: [Synth 8-7080] Parallel synthesis criteria is not met
WARNING: [Synth 8-7129] Port sw[2] in module vga is either unconnected or has no load
WARNING: [Synth 8-7129] Port sw[1] in module vga is either unconnected or has no load
WARNING: [Synth 8-7129] Port sw[0] in module vga is either unconnected or has no load
---------------------------------------------------------------------------------
Finished Cross Boundary and Area Optimization : Time (s): cpu = 00:00:15 ; elapsed = 00:00:16 . Memory (MB): peak = 1529.648 ; gain = 649.219
---------------------------------------------------------------------------------
---------------------------------------------------------------------------------
Start Applying XDC Timing Constraints
---------------------------------------------------------------------------------
---------------------------------------------------------------------------------
Finished Applying XDC Timing Constraints : Time (s): cpu = 00:00:19 ; elapsed = 00:00:20 . Memory (MB): peak = 1529.648 ; gain = 649.219
---------------------------------------------------------------------------------
---------------------------------------------------------------------------------
Start Timing Optimization
---------------------------------------------------------------------------------
---------------------------------------------------------------------------------
Finished Timing Optimization : Time (s): cpu = 00:00:19 ; elapsed = 00:00:20 . Memory (MB): peak = 1529.648 ; gain = 649.219
---------------------------------------------------------------------------------
---------------------------------------------------------------------------------
Start Technology Mapping
---------------------------------------------------------------------------------
---------------------------------------------------------------------------------
Finished Technology Mapping : Time (s): cpu = 00:00:19 ; elapsed = 00:00:20 . Memory (MB): peak = 1529.648 ; gain = 649.219
---------------------------------------------------------------------------------
---------------------------------------------------------------------------------
Start IO Insertion
---------------------------------------------------------------------------------
---------------------------------------------------------------------------------
Start Flattening Before IO Insertion
---------------------------------------------------------------------------------
---------------------------------------------------------------------------------
Finished Flattening Before IO Insertion
---------------------------------------------------------------------------------
---------------------------------------------------------------------------------
Start Final Netlist Cleanup
---------------------------------------------------------------------------------
---------------------------------------------------------------------------------
Finished Final Netlist Cleanup
---------------------------------------------------------------------------------
---------------------------------------------------------------------------------
Finished IO Insertion : Time (s): cpu = 00:00:23 ; elapsed = 00:00:24 . Memory (MB): peak = 1529.648 ; gain = 649.219
---------------------------------------------------------------------------------
---------------------------------------------------------------------------------
Start Renaming Generated Instances
---------------------------------------------------------------------------------
---------------------------------------------------------------------------------
Finished Renaming Generated Instances : Time (s): cpu = 00:00:23 ; elapsed = 00:00:24 . Memory (MB): peak = 1529.648 ; gain = 649.219
---------------------------------------------------------------------------------
---------------------------------------------------------------------------------
Start Rebuilding User Hierarchy
---------------------------------------------------------------------------------
---------------------------------------------------------------------------------
Finished Rebuilding User Hierarchy : Time (s): cpu = 00:00:23 ; elapsed = 00:00:24 . Memory (MB): peak = 1529.648 ; gain = 649.219
---------------------------------------------------------------------------------
---------------------------------------------------------------------------------
Start Renaming Generated Ports
---------------------------------------------------------------------------------
---------------------------------------------------------------------------------
Finished Renaming Generated Ports : Time (s): cpu = 00:00:23 ; elapsed = 00:00:24 . Memory (MB): peak = 1529.648 ; gain = 649.219
---------------------------------------------------------------------------------
---------------------------------------------------------------------------------
Start Handling Custom Attributes
---------------------------------------------------------------------------------
---------------------------------------------------------------------------------
Finished Handling Custom Attributes : Time (s): cpu = 00:00:23 ; elapsed = 00:00:24 . Memory (MB): peak = 1529.648 ; gain = 649.219
---------------------------------------------------------------------------------
---------------------------------------------------------------------------------
Start Renaming Generated Nets
---------------------------------------------------------------------------------
---------------------------------------------------------------------------------
Finished Renaming Generated Nets : Time (s): cpu = 00:00:23 ; elapsed = 00:00:24 . Memory (MB): peak = 1529.648 ; gain = 649.219
---------------------------------------------------------------------------------
---------------------------------------------------------------------------------
Start Writing Synthesis Report
---------------------------------------------------------------------------------

Report BlackBoxes: 
+-+--------------+----------+
| |BlackBox name |Instances |
+-+--------------+----------+
+-+--------------+----------+

Report Cell Usage: 
+------+-----+------+
|      |Cell |Count |
+------+-----+------+
|1     |BUFG |     1|
|2     |LUT1 |     3|
|3     |LUT2 |     8|
|4     |LUT3 |    11|
|5     |LUT4 |    12|
|6     |LUT5 |    15|
|7     |LUT6 |    38|
|8     |FDCE |    25|
|9     |FDRE |     3|
|10    |FDSE |     1|
|11    |IBUF |     2|
|12    |OBUF |    14|
+------+-----+------+
---------------------------------------------------------------------------------
Finished Writing Synthesis Report : Time (s): cpu = 00:00:23 ; elapsed = 00:00:24 . Memory (MB): peak = 1529.648 ; gain = 649.219
---------------------------------------------------------------------------------
Synthesis finished with 0 errors, 0 critical warnings and 4 warnings.
Synthesis Optimization Runtime : Time (s): cpu = 00:00:15 ; elapsed = 00:00:22 . Memory (MB): peak = 1529.648 ; gain = 551.488
Synthesis Optimization Complete : Time (s): cpu = 00:00:23 ; elapsed = 00:00:24 . Memory (MB): peak = 1529.648 ; gain = 649.219
INFO: [Project 1-571] Translating synthesized netlist
Netlist sorting complete. Time (s): cpu = 00:00:00 ; elapsed = 00:00:00.002 . Memory (MB): peak = 1529.648 ; gain = 0.000
INFO: [Project 1-570] Preparing netlist for logic optimization
INFO: [Opt 31-138] Pushed 0 inverter(s) to 0 load pin(s).
Netlist sorting complete. Time (s): cpu = 00:00:00 ; elapsed = 00:00:00 . Memory (MB): peak = 1529.648 ; gain = 0.000
INFO: [Project 1-111] Unisim Transformation Summary:
No Unisim elements were transformed.

The system cannot find the path specified.
Synth Design complete | Checksum: 31d6ecb2
INFO: [Common 17-83] Releasing license: Synthesis
24 Infos, 10 Warnings, 0 Critical Warnings and 0 Errors encountered.
synth_design completed successfully
synth_design: Time (s): cpu = 00:00:27 ; elapsed = 00:00:28 . Memory (MB): peak = 1529.648 ; gain = 1041.887
Write ShapeDB Complete: Time (s): cpu = 00:00:00 ; elapsed = 00:00:00 . Memory (MB): peak = 1529.648 ; gain = 0.000
INFO: [Common 17-1381] The checkpoint 'C:/Users/Bardi/Desktop/VHDL_TETRIS/project_1/project_1.runs/synth_2/vga.dcp' has been generated.
INFO: [runtcl-4] Executing : report_utilization -file vga_utilization_synth.rpt -pb vga_utilization_synth.pb
INFO: [Common 17-206] Exiting Vivado at Wed May 22 15:20:45 2024...
