Copyright 1986-2022 Xilinx, Inc. All Rights Reserved. Copyright 2022-2023 Advanced Micro Devices, Inc. All Rights Reserved.
---------------------------------------------------------------------------------------------------------------------------------------------
| Tool Version : Vivado v.2023.2 (win64) Build 4029153 Fri Oct 13 20:14:34 MDT 2023
| Date         : Sat May 25 19:53:28 2024
| Host         : DESKTOP-GMN6PCK running 64-bit major release  (build 9200)
| Command      : report_control_sets -verbose -file vga_control_sets_placed.rpt
| Design       : vga
| Device       : xc7a35t
---------------------------------------------------------------------------------------------------------------------------------------------

Control Set Information

Table of Contents
-----------------
1. Summary
2. Histogram
3. Flip-Flop Distribution
4. Detailed Control Set Information

1. Summary
----------

+----------------------------------------------------------+-------+
|                          Status                          | Count |
+----------------------------------------------------------+-------+
| Total control sets                                       |    18 |
|    Minimum number of control sets                        |    18 |
|    Addition due to synthesis replication                 |     0 |
|    Addition due to physical synthesis replication        |     0 |
| Unused register locations in slices containing registers |    60 |
+----------------------------------------------------------+-------+
* Control sets can be merged at opt_design using control_set_merge or merge_equivalent_drivers
** Run report_qor_suggestions for automated merging and remapping suggestions


2. Histogram
------------

+--------------------+-------+
|       Fanout       | Count |
+--------------------+-------+
| Total control sets |    18 |
| >= 0 to < 4        |     6 |
| >= 4 to < 6        |     1 |
| >= 6 to < 8        |     2 |
| >= 8 to < 10       |     1 |
| >= 10 to < 12      |     1 |
| >= 12 to < 14      |     1 |
| >= 14 to < 16      |     0 |
| >= 16              |     6 |
+--------------------+-------+
* Control sets can be remapped at either synth_design or opt_design


3. Flip-Flop Distribution
-------------------------

+--------------+-----------------------+------------------------+-----------------+--------------+
| Clock Enable | Synchronous Set/Reset | Asynchronous Set/Reset | Total Registers | Total Slices |
+--------------+-----------------------+------------------------+-----------------+--------------+
| No           | No                    | No                     |              62 |           45 |
| No           | No                    | Yes                    |              14 |            6 |
| No           | Yes                   | No                     |              71 |           23 |
| Yes          | No                    | No                     |               6 |            5 |
| Yes          | No                    | Yes                    |              11 |            4 |
| Yes          | Yes                   | No                     |             104 |           30 |
+--------------+-----------------------+------------------------+-----------------+--------------+


4. Detailed Control Set Information
-----------------------------------

+-----------------+-----------------------------+-----------------------------+------------------+----------------+--------------+
|   Clock Signal  |        Enable Signal        |       Set/Reset Signal      | Slice Load Count | Bel Load Count | Bels / Slice |
+-----------------+-----------------------------+-----------------------------+------------------+----------------+--------------+
|  a/clk          |                             |                             |                1 |              1 |         1.00 |
|  a/clk          |                             | rst_IBUF                    |                1 |              1 |         1.00 |
|  clk_IBUF_BUFG  |                             | rst_IBUF                    |                1 |              1 |         1.00 |
|  clk_IBUF_BUFG  | b/previous_state_i_1_n_0    |                             |                1 |              1 |         1.00 |
|  clk_IBUF_BUFG  | c/previous_state_i_1__0_n_0 |                             |                1 |              1 |         1.00 |
|  clk25MHz_BUFG  |                             |                             |                2 |              2 |         1.00 |
|  clk25MHz_BUFG  | R[3]_i_1_n_0                |                             |                3 |              4 |         1.33 |
|  clockfall_BUFG |                             | sameHor[0]                  |                5 |              7 |         1.40 |
|  clk_IBUF_BUFG  |                             |                             |                4 |              7 |         1.75 |
|  clk25MHz_BUFG  | R[3]_i_1_n_0                | R[2]_i_1_n_0                |                3 |              8 |         2.67 |
|  clk25MHz_BUFG  | TCH_reg_n_0                 | rst_IBUF                    |                4 |             11 |         2.75 |
|  clk25MHz_BUFG  |                             | rst_IBUF                    |                4 |             12 |         3.00 |
|  clockfall_BUFG |                             | b/coory_reg[0]              |                9 |             32 |         3.56 |
|  clockfall_BUFG | b/E[0]                      | b/coory_reg[0]              |               11 |             32 |         2.91 |
|  clk_IBUF_BUFG  |                             | a/clock1hz                  |                9 |             32 |         3.56 |
|  clk_IBUF_BUFG  | b/counter_reg[0]_i_1_n_0    | b/previous_state_i_1_n_0    |                8 |             32 |         4.00 |
|  clk_IBUF_BUFG  | c/counter_reg[0]_i_1__0_n_0 | c/previous_state_i_1__0_n_0 |                8 |             32 |         4.00 |
|  clockfall_BUFG |                             |                             |               38 |             52 |         1.37 |
+-----------------+-----------------------------+-----------------------------+------------------+----------------+--------------+


